<?xml version="1.0" encoding="UTF-8"?>
<!-- Generated by org.testng.reporters.JUnitReportReporter -->
<testsuite skipped="0" hostname="DESKTOP-C724QH3" name="xcite.shopping.Login" tests="2" failures="0" timestamp="2024-01-21T15:56:17 IST" time="160.336" errors="0">
  <testcase name="register" time="78.327" classname="xcite.shopping.Login"/>
  <system-out/>
  <testcase name="enterCredentials" time="82.009" classname="xcite.shopping.Login"/>
  <system-out/>
</testsuite> <!-- xcite.shopping.Login -->
