<?xml version="1.0" encoding="UTF-8"?>
<!-- Generated by org.testng.reporters.JUnitReportReporter -->
<testsuite skipped="0" hostname="DESKTOP-C724QH3" name="xcite.shopping.registerUser" tests="1" failures="0" timestamp="2024-01-31T21:09:37 IST" time="83.209" errors="0">
  <testcase name="register" time="83.209" classname="xcite.shopping.registerUser"/>
  <system-out/>
</testsuite> <!-- xcite.shopping.registerUser -->
