<?xml version="1.0" encoding="UTF-8"?>
<!-- Generated by org.testng.reporters.JUnitReportReporter -->
<testsuite skipped="0" hostname="DESKTOP-C724QH3" name="xcite.shopping.PostRequestTest" tests="1" failures="0" timestamp="2024-01-22T23:19:43 IST" time="24.702" errors="0">
  <testcase name="testPostRequest" time="24.702" classname="xcite.shopping.PostRequestTest"/>
  <system-out/>
</testsuite> <!-- xcite.shopping.PostRequestTest -->
