<?xml version="1.0" encoding="UTF-8"?>
<!-- Generated by org.testng.reporters.JUnitReportReporter -->
<testsuite skipped="0" hostname="DESKTOP-C724QH3" name="xcite.shopping.AddProducts" tests="1" failures="0" timestamp="2024-01-31T21:09:37 IST" time="74.517" errors="0">
  <testcase name="addProducts" time="74.517" classname="xcite.shopping.AddProducts"/>
  <system-out/>
</testsuite> <!-- xcite.shopping.AddProducts -->
